<?xml version="1.0" encoding="UTF-8"?>
<!-- Generated by org.testng.reporters.JUnitReportReporter -->
<testsuite skipped="0" hostname="CDC2-D-47B4N62" name="LaunchtheBrowser.MavenDemo.launch" tests="1" failures="0" timestamp="27 Aug 2019 04:10:22 GMT" time="17.073" errors="0">
  <testcase name="f" time="17.073" classname="LaunchtheBrowser.MavenDemo.launch"/>
</testsuite> <!-- LaunchtheBrowser.MavenDemo.launch -->
